
================================
  PFLOTRAN Development Version
================================

 Extent of Gridded Domain
  X: 0.0000000000000000 - 100.00000000000000
  Y: 0.0000000000000000 - 100.00000000000000
  Z: 0.0000000000000000 - 10.000000000000000


=+=+=+=+=+=+=+=+=+=+=+=+=+=+=+=+=+=+=+=+=+=+=+=+=+=+=+=+=+=+=+=+=+=+=+=+=+=+=+=+

  Initial Condition

--------------------------------------------------------------------------------
          Flow Condition:   initial
                  Region:   all
--------------------------------------------------------------------------------

  Flow Condition: initial
    Synchronize time with update: no
    Time units: yr
    Length units: m
      Datum:
        Dataset: Unnamed Ascii Dataset
          Type: dataset_ascii_type
          Transient: no
          Array Rank:  3

    Sub Condition: pressure
      Type: hydrostatic
      Gradient:
        Dataset: Unnamed Ascii Dataset
          Type: dataset_ascii_type
          Transient: no
          Array Rank:  3
      Data:
        Dataset: Unnamed Ascii Dataset
          Type: dataset_ascii_type
          Transient: no
          Array Rank:  1

--------------------------------------------------------------------------------

=+=+=+=+=+=+=+=+=+=+=+=+=+=+=+=+=+=+=+=+=+=+=+=+=+=+=+=+=+=+=+=+=+=+=+=+=+=+=+=+

  Boundary Condition

--------------------------------------------------------------------------------
          Flow Condition:   inflow_series
                  Region:   south
--------------------------------------------------------------------------------

  Flow Condition: inflow_series
    Synchronize time with update: no
    Time units: yr
    Length units: m
      Datum:
        Dataset: Unnamed Ascii Dataset
          Type: dataset_ascii_type
          Filename: ../PFLOTRAN/./test_model/bc_inflow.txt
          Is transient?: yes
          Number of times:     11
          Is cyclic?: no
          Buffer:
            Rank:  2
            Dims:    3  11
            Buffer Slice Size:   0
          Array Rank:  3

    Sub Condition: pressure
      Type: hydrostatic
      Gradient:
      Data:
        Dataset: Unnamed Ascii Dataset
          Type: dataset_ascii_type
          Transient: no
          Array Rank:  1

--------------------------------------------------------------------------------

=+=+=+=+=+=+=+=+=+=+=+=+=+=+=+=+=+=+=+=+=+=+=+=+=+=+=+=+=+=+=+=+=+=+=+=+=+=+=+=+

  Boundary Condition

--------------------------------------------------------------------------------
          Flow Condition:   outflow_series
                  Region:   north
--------------------------------------------------------------------------------

  Flow Condition: outflow_series
    Synchronize time with update: no
    Time units: yr
    Length units: m
      Datum:
        Dataset: Unnamed Ascii Dataset
          Type: dataset_ascii_type
          Filename: ../PFLOTRAN/./test_model/bc_outflow.txt
          Is transient?: yes
          Number of times:     11
          Is cyclic?: no
          Buffer:
            Rank:  2
            Dims:    3  11
            Buffer Slice Size:   0
          Array Rank:  3

    Sub Condition: pressure
      Type: hydrostatic
      Gradient:
      Data:
        Dataset: Unnamed Ascii Dataset
          Type: dataset_ascii_type
          Transient: no
          Array Rank:  1

--------------------------------------------------------------------------------

 Requested processors =     1

FLOW Time Stepper
acceleration: on
acceleration threshold: 5
number of ramp entries: 5
ramp entry #1: 2.0000
ramp entry #2: 2.0000
ramp entry #3: 2.0000
ramp entry #4: 2.0000
ramp entry #5: 2.0000
ramp entry #6: 1.8000
ramp entry #7: 1.6000
ramp entry #8: 1.4000
ramp entry #9: 1.2000
ramp entry #10: 1.0000
ramp entry #11: 1.0000
ramp entry #12: 1.0000
ramp entry #13: 1.0000
maximum number of steps: 999999
constant time steps threshold: 5
maximum number of cuts: 16
reduction factor: 5.000000E-01
maximum growth factor: 2.000000E+00

FLOW Newton Solver
atol: 1.000000E-50
rtol: 1.000000E-20
stol: 1.000000E-08
dtol: 1.000000E+04
maxnorm: 1.000000E+20
inftolres: -9.990000E+02
inftolupd: 1.000000E+00
inftolrelupd: -9.990000E+02
inftolsclres: -9.990000E+02
max iter: 50
min iter: 1
maxf: 10000
matrix type: baij
precond. matrix type: baij
inexact newton: off
print convergence: on
print detailed convergence: off
check infinity norm: on

FLOW Linear Solver
solver: bcgs
preconditioner: bjacobi
atol: 1.000000E-50
rtol: 1.000000E-05
dtol: 1.000000E+04
maximum iteration: 10000

== RICHARDS FLOW ===============================================================
  0 2r: 1.20E+02 2x: 0.00E+00 2u: 0.00E+00 ir: 1.40E+01 iu: 0.00E+00 rsn:   0
  1 2r: 7.06E-01 2x: 2.00E+07 2u: 1.51E+06 ir: 4.29E-02 iu: 1.95E+04 rsn:   0
  2 2r: 5.05E-01 2x: 2.02E+07 2u: 2.89E+05 ir: 5.08E-02 iu: 1.24E+04 rsn:   0
  3 2r: 1.67E-01 2x: 2.03E+07 2u: 5.52E+04 ir: 2.77E-02 iu: 3.13E+03 rsn:   0
  4 2r: 8.22E-03 2x: 2.03E+07 2u: 4.50E+03 ir: 2.99E-03 iu: 9.39E+02 rsn:   0
  5 2r: 1.03E-04 2x: 2.03E+07 2u: 5.26E+02 ir: 4.46E-05 iu: 1.77E+02 rsn:   0
  6 2r: 5.56E-08 2x: 2.03E+07 2u: 1.06E+01 ir: 2.49E-08 iu: 3.94E+00 rsn:   0
  7 2r: 7.18E-12 2x: 2.03E+07 2u: 3.34E-02 ir: 6.67E-13 iu: 2.17E-03 rsn: itol_upd
 Step      1 Time=  1.00000E-02 Dt=  1.00000E-02 [d] snes_conv_reason:   11
  newton =   7 [       7] linear =   483 [       483] cuts =  0 [   0]
  --> max chng: dpmx=   1.9468E+04

== RICHARDS FLOW ===============================================================
  0 2r: 2.42E-01 2x: 0.00E+00 2u: 0.00E+00 ir: 2.24E-02 iu: 0.00E+00 rsn:   0
  1 2r: 4.14E-02 2x: 2.02E+07 2u: 5.79E+04 ir: 7.56E-03 iu: 1.11E+03 rsn:   0
  2 2r: 1.40E-02 2x: 2.02E+07 2u: 3.39E+03 ir: 4.07E-03 iu: 1.59E+02 rsn:   0
  3 2r: 2.25E-05 2x: 2.02E+07 2u: 1.80E+02 ir: 9.35E-06 iu: 6.61E+01 rsn:   0
  4 2r: 6.39E-10 2x: 2.02E+07 2u: 7.62E-01 ir: 2.53E-10 iu: 1.53E-01 rsn: itol_upd
 Step      2 Time=  1.33000E-02 Dt=  3.30000E-03 [d] snes_conv_reason:   11
  newton =   4 [      11] linear =   258 [       741] cuts =  0 [   0]
  --> max chng: dpmx=   1.2475E+03

== RICHARDS FLOW ===============================================================
  0 2r: 1.31E-01 2x: 0.00E+00 2u: 0.00E+00 ir: 8.28E-03 iu: 0.00E+00 rsn:   0
  1 2r: 3.51E-02 2x: 2.02E+07 2u: 7.10E+04 ir: 7.10E-03 iu: 1.21E+03 rsn:   0
  2 2r: 4.53E-03 2x: 2.02E+07 2u: 4.03E+03 ir: 1.50E-03 iu: 1.71E+02 rsn:   0
  3 2r: 3.80E-06 2x: 2.02E+07 2u: 8.27E+01 ir: 1.68E-06 iu: 3.51E+01 rsn:   0
  4 2r: 1.04E-10 2x: 2.02E+07 2u: 1.34E-01 ir: 2.82E-11 iu: 4.07E-02 rsn: itol_upd
 Step      3 Time=  1.99000E-02 Dt=  6.60000E-03 [d] snes_conv_reason:   11
  newton =   4 [      15] linear =   260 [      1001] cuts =  0 [   0]
  --> max chng: dpmx=   1.3286E+03

== RICHARDS FLOW ===============================================================
  0 2r: 7.22E-02 2x: 0.00E+00 2u: 0.00E+00 ir: 4.12E-03 iu: 0.00E+00 rsn:   0
  1 2r: 2.26E-02 2x: 2.01E+07 2u: 6.94E+04 ir: 4.01E-03 iu: 1.25E+03 rsn:   0
  2 2r: 1.77E-03 2x: 2.01E+07 2u: 2.80E+03 ir: 5.86E-04 iu: 1.63E+02 rsn:   0
  3 2r: 1.67E-06 2x: 2.01E+07 2u: 5.13E+01 ir: 1.08E-06 iu: 1.99E+01 rsn:   0
  4 2r: 1.16E-10 2x: 2.01E+07 2u: 8.92E-02 ir: 1.37E-11 iu: 5.67E-02 rsn: itol_upd
 Step      4 Time=  3.31000E-02 Dt=  1.32000E-02 [d] snes_conv_reason:   11
  newton =   4 [      19] linear =   266 [      1267] cuts =  0 [   0]
  --> max chng: dpmx=   1.3498E+03

== RICHARDS FLOW ===============================================================
  0 2r: 3.51E-02 2x: 0.00E+00 2u: 0.00E+00 ir: 1.75E-03 iu: 0.00E+00 rsn:   0
  1 2r: 1.53E-02 2x: 2.01E+07 2u: 5.21E+04 ir: 3.29E-03 iu: 1.33E+03 rsn:   0
  2 2r: 8.35E-04 2x: 2.01E+07 2u: 1.29E+03 ir: 3.90E-04 iu: 1.91E+02 rsn:   0
  3 2r: 1.02E-06 2x: 2.01E+07 2u: 5.44E+01 ir: 7.35E-07 iu: 2.95E+01 rsn:   0
  4 2r: 1.04E-10 2x: 2.01E+07 2u: 1.99E-01 ir: 4.86E-11 iu: 4.31E-02 rsn: itol_upd
 Step      5 Time=  5.95000E-02 Dt=  2.64000E-02 [d] snes_conv_reason:   11
  newton =   4 [      23] linear =   261 [      1528] cuts =  0 [   0]
  --> max chng: dpmx=   1.4269E+03

== RICHARDS FLOW ===============================================================
  0 2r: 1.39E-02 2x: 0.00E+00 2u: 0.00E+00 ir: 9.30E-04 iu: 0.00E+00 rsn:   0
  1 2r: 5.96E-03 2x: 2.00E+07 2u: 2.84E+04 ir: 1.68E-03 iu: 1.38E+03 rsn:   0
  2 2r: 2.13E-04 2x: 2.00E+07 2u: 7.39E+02 ir: 9.65E-05 iu: 1.70E+02 rsn:   0
  3 2r: 1.19E-07 2x: 2.00E+07 2u: 2.54E+01 ir: 9.75E-08 iu: 1.38E+01 rsn:   0
  4 2r: 1.36E-10 2x: 2.00E+07 2u: 1.04E-01 ir: 1.06E-10 iu: 2.18E-02 rsn: itol_upd
 Step      6 Time=  1.12300E-01 Dt=  5.28000E-02 [d] snes_conv_reason:   11
  newton =   4 [      27] linear =   241 [      1769] cuts =  0 [   0]
  --> max chng: dpmx=   1.5483E+03

== RICHARDS FLOW ===============================================================
  0 2r: 4.26E-03 2x: 0.00E+00 2u: 0.00E+00 ir: 4.69E-04 iu: 0.00E+00 rsn:   0
  1 2r: 1.66E-03 2x: 2.00E+07 2u: 1.13E+04 ir: 5.43E-04 iu: 1.29E+03 rsn:   0
  2 2r: 1.43E-04 2x: 2.00E+07 2u: 5.56E+02 ir: 8.76E-05 iu: 1.87E+02 rsn:   0
  3 2r: 3.00E-07 2x: 2.00E+07 2u: 6.30E+01 ir: 1.96E-07 iu: 5.43E+01 rsn:   0
  4 2r: 1.89E-10 2x: 2.00E+07 2u: 2.04E-01 ir: 2.05E-11 iu: 1.06E-01 rsn: itol_upd
 Step      7 Time=  2.17900E-01 Dt=  1.05600E-01 [d] snes_conv_reason:   11
  newton =   4 [      31] linear =   229 [      1998] cuts =  0 [   0]
  --> max chng: dpmx=   1.4827E+03

== RICHARDS FLOW ===============================================================
  0 2r: 1.09E-03 2x: 0.00E+00 2u: 0.00E+00 ir: 2.15E-04 iu: 0.00E+00 rsn:   0
  1 2r: 6.98E-04 2x: 2.00E+07 2u: 4.04E+03 ir: 3.32E-04 iu: 9.54E+02 rsn:   0
  2 2r: 3.28E-05 2x: 2.00E+07 2u: 3.44E+02 ir: 2.29E-05 iu: 1.42E+02 rsn:   0
  3 2r: 6.63E-08 2x: 2.00E+07 2u: 2.75E+01 ir: 2.91E-08 iu: 2.39E+01 rsn:   0
  4 2r: 8.13E-11 2x: 2.00E+07 2u: 1.20E-01 ir: 1.33E-11 iu: 3.11E-02 rsn: itol_upd
 Step      8 Time=  4.29100E-01 Dt=  2.11200E-01 [d] snes_conv_reason:   11
  newton =   4 [      35] linear =   226 [      2224] cuts =  0 [   0]
  --> max chng: dpmx=   1.0815E+03

== RICHARDS FLOW ===============================================================
  0 2r: 2.42E-04 2x: 0.00E+00 2u: 0.00E+00 ir: 6.73E-05 iu: 0.00E+00 rsn:   0
  1 2r: 8.08E-05 2x: 2.00E+07 2u: 1.17E+03 ir: 5.63E-05 iu: 3.64E+02 rsn:   0
  2 2r: 4.03E-08 2x: 2.00E+07 2u: 3.21E+01 ir: 1.25E-08 iu: 1.40E+01 rsn:   0
  3 2r: 4.19E-11 2x: 2.00E+07 2u: 1.38E-01 ir: 3.27E-12 iu: 2.02E-02 rsn: itol_upd
 Step      9 Time=  8.51500E-01 Dt=  4.22400E-01 [d] snes_conv_reason:   11
  newton =   3 [      38] linear =   185 [      2409] cuts =  0 [   0]
  --> max chng: dpmx=   3.7831E+02

== RICHARDS FLOW ===============================================================
  0 2r: 3.67E-05 2x: 0.00E+00 2u: 0.00E+00 ir: 1.24E-05 iu: 0.00E+00 rsn:   0
  1 2r: 1.06E-05 2x: 2.00E+07 2u: 2.02E+02 ir: 6.79E-06 iu: 7.09E+01 rsn:   0
  2 2r: 7.80E-09 2x: 2.00E+07 2u: 6.57E+00 ir: 2.83E-09 iu: 3.83E+00 rsn:   0
  3 2r: 1.21E-12 2x: 2.00E+07 2u: 2.47E-02 ir: 6.09E-13 iu: 4.45E-04 rsn: itol_upd
 Step     10 Time=  1.69630E+00 Dt=  8.44800E-01 [d] snes_conv_reason:   11
  newton =   3 [      41] linear =   172 [      2581] cuts =  0 [   0]
  --> max chng: dpmx=   6.7171E+01

== RICHARDS FLOW ===============================================================
  0 2r: 3.09E-06 2x: 0.00E+00 2u: 0.00E+00 ir: 1.17E-06 iu: 0.00E+00 rsn:   0
  1 2r: 1.33E-08 2x: 2.00E+07 2u: 1.62E+01 ir: 1.22E-09 iu: 5.29E+00 rsn:   0
  2 2r: 9.55E-12 2x: 2.00E+07 2u: 5.80E-02 ir: 5.41E-12 iu: 3.65E-03 rsn: itol_upd
 Step     11 Time=  3.38590E+00 Dt=  1.68960E+00 [d] snes_conv_reason:   11
  newton =   2 [      43] linear =   126 [      2707] cuts =  0 [   0]
  --> max chng: dpmx=   5.2953E+00

== RICHARDS FLOW ===============================================================
  0 2r: 1.30E-07 2x: 0.00E+00 2u: 0.00E+00 ir: 5.49E-08 iu: 0.00E+00 rsn:   0
  1 2r: 5.60E-10 2x: 2.00E+07 2u: 6.91E-01 ir: 4.83E-11 iu: 2.46E-01 rsn: itol_upd
 Step     12 Time=  6.76510E+00 Dt=  3.37920E+00 [d] snes_conv_reason:   11
  newton =   1 [      44] linear =    58 [      2765] cuts =  0 [   0]
  --> max chng: dpmx=   2.4600E-01

== RICHARDS FLOW ===============================================================
  0 2r: 2.88E-09 2x: 0.00E+00 2u: 0.00E+00 ir: 1.28E-09 iu: 0.00E+00 rsn:   0
  1 2r: 1.01E-11 2x: 2.00E+07 2u: 1.54E-02 ir: 7.17E-13 iu: 5.68E-03 rsn: itol_upd
 Step     13 Time=  1.35235E+01 Dt=  6.75840E+00 [d] snes_conv_reason:   11
  newton =   1 [      45] linear =    66 [      2831] cuts =  0 [   0]
  --> max chng: dpmx=   5.6775E-03

== RICHARDS FLOW ===============================================================
  0 2r: 3.29E-11 2x: 0.00E+00 2u: 0.00E+00 ir: 1.47E-11 iu: 0.00E+00 rsn:   0
  1 2r: 6.91E-13 2x: 2.00E+07 2u: 1.82E-04 ir: 6.02E-14 iu: 6.50E-05 rsn: itol_upd
 Step     14 Time=  2.35235E+01 Dt=  1.00000E+01 [d] snes_conv_reason:   11
  newton =   1 [      46] linear =    65 [      2896] cuts =  0 [   0]
  --> max chng: dpmx=   6.5043E-05

== RICHARDS FLOW ===============================================================
  0 2r: 7.31E-13 2x: 0.00E+00 2u: 0.00E+00 ir: 1.14E-13 iu: 0.00E+00 rsn:   0
  1 2r: 6.75E-13 2x: 2.00E+07 2u: 1.43E-06 ir: 5.84E-14 iu: 4.98E-07 rsn: itol_upd
 Step     15 Time=  2.90000E+01 Dt=  5.47650E+00 [d] snes_conv_reason:   11
  newton =   1 [      47] linear =    65 [      2961] cuts =  0 [   0]
  --> max chng: dpmx=   4.9782E-07

== RICHARDS FLOW ===============================================================
  0 2r: 6.75E-13 2x: 0.00E+00 2u: 0.00E+00 ir: 5.84E-14 iu: 0.00E+00 rsn:   0
  1 2r: 6.50E-13 2x: 2.00E+07 2u: 1.73E-08 ir: 5.95E-14 iu: 6.52E-09 rsn: itol_upd
 Step     16 Time=  3.00000E+01 Dt=  1.00000E+00 [d] snes_conv_reason:   11
  newton =   1 [      48] linear =    71 [      3032] cuts =  0 [   0]
  --> max chng: dpmx=   6.5193E-09

 Wall Clock Time:  1.5779E+01 [sec]   2.6298E-01 [min]   4.3830E-03 [hr]
